mode: set
course-chart/handlers/activities_handlers.go:10.36,13.16 3 1
course-chart/handlers/activities_handlers.go:18.2,18.48 1 1
course-chart/handlers/activities_handlers.go:13.16,16.3 2 0
course-chart/handlers/course_handlers.go:11.32,16.16 3 0
course-chart/handlers/course_handlers.go:21.2,38.50 4 0
course-chart/handlers/course_handlers.go:16.16,19.3 2 0
course-chart/handlers/course_handlers.go:41.33,43.63 2 0
course-chart/handlers/course_handlers.go:47.2,47.16 1 0
course-chart/handlers/course_handlers.go:52.2,52.42 1 0
course-chart/handlers/course_handlers.go:43.63,45.3 1 0
course-chart/handlers/course_handlers.go:47.16,50.3 2 0
course-chart/handlers/course_handlers.go:55.35,57.57 2 0
course-chart/handlers/course_handlers.go:62.2,63.19 2 0
course-chart/handlers/course_handlers.go:68.2,69.16 2 0
course-chart/handlers/course_handlers.go:74.2,74.49 1 0
course-chart/handlers/course_handlers.go:57.57,60.3 2 0
course-chart/handlers/course_handlers.go:63.19,66.3 2 0
course-chart/handlers/course_handlers.go:69.16,72.3 2 0
course-chart/handlers/course_handlers.go:77.35,79.16 2 0
course-chart/handlers/course_handlers.go:84.2,85.58 2 0
course-chart/handlers/course_handlers.go:90.2,91.16 2 0
course-chart/handlers/course_handlers.go:96.2,96.49 1 0
course-chart/handlers/course_handlers.go:79.16,82.3 2 0
course-chart/handlers/course_handlers.go:85.58,88.3 2 0
course-chart/handlers/course_handlers.go:91.16,94.3 2 0
course-chart/handlers/course_handlers.go:99.35,101.16 2 0
course-chart/handlers/course_handlers.go:106.2,108.16 2 0
course-chart/handlers/course_handlers.go:113.2,113.49 1 0
course-chart/handlers/course_handlers.go:101.16,104.3 2 0
course-chart/handlers/course_handlers.go:108.16,111.3 2 0
course-chart/handlers/helpers.go:10.52,15.2 1 1
course-chart/handlers/helpers.go:17.71,23.2 1 1
course-chart/handlers/helpers.go:25.48,31.2 2 0
course-chart/handlers/helpers.go:33.52,38.2 1 0
course-chart/handlers/helpers.go:40.53,45.2 1 0
course-chart/handlers/helpers.go:47.45,52.2 1 0
course-chart/handlers/helpers.go:54.49,57.41 1 0
course-chart/handlers/helpers.go:57.41,59.29 2 0
course-chart/handlers/helpers.go:62.4,62.20 1 0
course-chart/handlers/helpers.go:59.29,61.5 1 0
course-chart/handlers/module_handlers.go:10.32,14.16 3 0
course-chart/handlers/module_handlers.go:19.2,19.40 1 0
course-chart/handlers/module_handlers.go:14.16,17.3 2 0
course-chart/handlers/module_handlers.go:22.35,25.57 2 0
course-chart/handlers/module_handlers.go:30.2,31.19 2 0
course-chart/handlers/module_handlers.go:36.2,37.16 2 0
course-chart/handlers/module_handlers.go:42.2,42.49 1 0
course-chart/handlers/module_handlers.go:25.57,28.3 2 0
course-chart/handlers/module_handlers.go:31.19,34.3 2 0
course-chart/handlers/module_handlers.go:37.16,40.3 2 0
course-chart/handlers/module_handlers.go:45.35,47.16 2 0
course-chart/handlers/module_handlers.go:52.2,53.58 2 0
course-chart/handlers/module_handlers.go:58.2,59.16 2 0
course-chart/handlers/module_handlers.go:64.2,64.54 1 0
course-chart/handlers/module_handlers.go:72.2,72.49 1 0
course-chart/handlers/module_handlers.go:47.16,50.3 2 0
course-chart/handlers/module_handlers.go:53.58,56.3 2 0
course-chart/handlers/module_handlers.go:59.16,62.3 2 0
course-chart/handlers/module_handlers.go:64.54,66.17 2 0
course-chart/handlers/module_handlers.go:66.17,69.4 2 0
course-chart/handlers/module_handlers.go:75.35,77.16 2 0
course-chart/handlers/module_handlers.go:82.2,83.16 2 0
course-chart/handlers/module_handlers.go:88.2,88.49 1 0
course-chart/handlers/module_handlers.go:77.16,80.3 2 0
course-chart/handlers/module_handlers.go:83.16,86.3 2 0
course-chart/handlers/struct_helpers.go:8.44,12.36 3 0
course-chart/handlers/struct_helpers.go:19.2,19.13 1 0
course-chart/handlers/struct_helpers.go:12.36,14.47 2 0
course-chart/handlers/struct_helpers.go:14.47,16.4 1 0
